<?xml version="1.0" encoding="UTF-8"?>
<!-- Generated by org.testng.reporters.JUnitReportReporter -->
<testsuite skipped="6" hostname="DESKTOP-EH71MP7" name="BasicTestNG.Demo06_TestNG_Grouping" tests="6" failures="0" timestamp="05 Aug 2019 14:52:30 GMT" time="0.000" errors="0">
  <testcase name="bike2" time="0.000" classname="BasicTestNG.Demo06_TestNG_Grouping">
    <skipped/>
  </testcase> <!-- bike2 -->
  <testcase name="car2" time="0.000" classname="BasicTestNG.Demo06_TestNG_Grouping">
    <skipped/>
  </testcase> <!-- car2 -->
  <testcase name="bike" time="0.000" classname="BasicTestNG.Demo06_TestNG_Grouping">
    <skipped/>
  </testcase> <!-- bike -->
  <testcase name="bike1" time="0.000" classname="BasicTestNG.Demo06_TestNG_Grouping">
    <skipped/>
  </testcase> <!-- bike1 -->
  <testcase name="car" time="0.000" classname="BasicTestNG.Demo06_TestNG_Grouping">
    <skipped/>
  </testcase> <!-- car -->
  <testcase name="car1" time="0.000" classname="BasicTestNG.Demo06_TestNG_Grouping">
    <skipped/>
  </testcase> <!-- car1 -->
</testsuite> <!-- BasicTestNG.Demo06_TestNG_Grouping -->
