<?xml version="1.0" encoding="UTF-8"?>
<!-- Generated by org.testng.reporters.JUnitReportReporter -->
<testsuite skipped="1" hostname="DESKTOP-EH71MP7" name="BasicTestNG.FlipCart_example" tests="1" failures="0" timestamp="05 Aug 2019 14:52:30 GMT" time="0.000" errors="0">
  <testcase name="f" time="0.000" classname="BasicTestNG.FlipCart_example">
    <skipped/>
  </testcase> <!-- f -->
</testsuite> <!-- BasicTestNG.FlipCart_example -->
