<?xml version="1.0" encoding="UTF-8"?>
<!-- Generated by org.testng.reporters.JUnitReportReporter -->
<testsuite skipped="1" hostname="DESKTOP-EH71MP7" name="BasicTestNG.Demo01_TestNGClass" tests="1" failures="0" timestamp="05 Aug 2019 14:52:30 GMT" time="0.000" errors="0">
  <testcase name="test" time="0.000" classname="BasicTestNG.Demo01_TestNGClass">
    <skipped/>
  </testcase> <!-- test -->
</testsuite> <!-- BasicTestNG.Demo01_TestNGClass -->
