<?xml version="1.0" encoding="UTF-8"?>
<!-- Generated by org.testng.reporters.JUnitReportReporter -->
<testsuite skipped="0" hostname="DESKTOP-EH71MP7" name="BasicTestNG.TestNGBasics_NAL" tests="3" failures="0" timestamp="07 Sep 2019 17:37:17 GMT" time="25.559" errors="0">
  <testcase name="googleTitle" time="7.601" classname="BasicTestNG.TestNGBasics_NAL"/>
  <testcase name="emailLinkTest" time="8.351" classname="BasicTestNG.TestNGBasics_NAL"/>
  <testcase name="logoTest" time="9.607" classname="BasicTestNG.TestNGBasics_NAL"/>
</testsuite> <!-- BasicTestNG.TestNGBasics_NAL -->
