<?xml version="1.0" encoding="UTF-8"?>
<!-- Generated by org.testng.reporters.JUnitReportReporter -->
<testsuite skipped="0" hostname="DESKTOP-EH71MP7" name="BasicTestNG.TestNGBasics_NAL" tests="3" failures="0" timestamp="07 Sep 2019 07:41:13 GMT" time="21.193" errors="0">
  <testcase name="emailLinkTest" time="6.271" classname="BasicTestNG.TestNGBasics_NAL"/>
  <testcase name="logoTest" time="6.021" classname="BasicTestNG.TestNGBasics_NAL"/>
  <testcase name="googleTitle" time="8.901" classname="BasicTestNG.TestNGBasics_NAL"/>
</testsuite> <!-- BasicTestNG.TestNGBasics_NAL -->
