<?xml version="1.0" encoding="UTF-8"?>
<!-- Generated by org.testng.reporters.JUnitReportReporter -->
<testsuite skipped="3" hostname="DESKTOP-EH71MP7" name="BasicTestNG.Demo02_TestNG_Priority" tests="3" failures="0" timestamp="05 Aug 2019 14:52:30 GMT" time="0.000" errors="0">
  <testcase name="test02" time="0.000" classname="BasicTestNG.Demo02_TestNG_Priority">
    <skipped/>
  </testcase> <!-- test02 -->
  <testcase name="test03" time="0.000" classname="BasicTestNG.Demo02_TestNG_Priority">
    <skipped/>
  </testcase> <!-- test03 -->
  <testcase name="test01" classname="BasicTestNG.Demo02_TestNG_Priority">
    <skipped/>
  </testcase> <!-- test01 -->
</testsuite> <!-- BasicTestNG.Demo02_TestNG_Priority -->
