<?xml version="1.0" encoding="UTF-8"?>
<!-- Generated by org.testng.reporters.JUnitReportReporter -->
<testsuite skipped="3" hostname="DESKTOP-EH71MP7" name="BasicTestNG.Demo03_TestNG_Dependencies" tests="3" failures="0" timestamp="05 Aug 2019 14:52:30 GMT" time="0.000" errors="0">
  <testcase name="dashboard" time="0.000" classname="BasicTestNG.Demo03_TestNG_Dependencies">
    <skipped/>
  </testcase> <!-- dashboard -->
  <testcase name="login" time="0.000" classname="BasicTestNG.Demo03_TestNG_Dependencies">
    <skipped/>
  </testcase> <!-- login -->
  <testcase name="logout" time="0.000" classname="BasicTestNG.Demo03_TestNG_Dependencies">
    <skipped/>
  </testcase> <!-- logout -->
</testsuite> <!-- BasicTestNG.Demo03_TestNG_Dependencies -->
